<?xml version="1.0" encoding="UTF-8"?>
<!-- ====================================================================== 
     2009.07.17. 17:42:58                                                        

     project    
     description
                   
     HP                                                                
     ====================================================================== -->
<project name="project" default="default">
	<description>
            description
    </description>

	<property name="classes" location="../classes;../lib/CacheDB.jar" />


	<taskdef resource="com/googlecode/cacheant/tasks.properties" classpath="${classes}" />


	<!-- ================================= 
          target: default              
         ================================= -->
	<target name="default" depends="depends" description="description">
		<cache-compile url="jdbc:Cache://localhost:1972/SAMPLES" classes="hp.HPUser"/>
		<!--<cache-compile url="jdbc:Cache://localhost:1972/SAMPLES" user="HP" password="12345678" classes="hp.HPUser" />-->
		<cache-compile url="jdbc:Cache://localhost:1972/SAMPLES" package="hp" />
		<cache-compile url="jdbc:Cache://localhost:1972/SAMPLES" classes="hp.HPUser,hp.Address" />
		<!-- does not work yes <cache-compile url="jdbc:Cache://localhost:1972/SAMPLES" projectname="SAMPLES" />-->
		<!-- compile all can take a lot of time-->
		<!--<cache-compile url="jdbc:Cache://localhost:1972/SAMPLES" all="yes" />-->
	</target>

	<!-- - - - - - - - - - - - - - - - - - 
          target: depends                      
         - - - - - - - - - - - - - - - - - -->
	<target name="depends">
	</target>

</project>
