<?xml version="1.0" encoding="UTF-8"?>
<!-- ====================================================================== 
     2009.07.17. 17:42:58                                                        

     project    
     description
                   
     u292148                                                                
     ====================================================================== -->
<project name="project" default="default">
	<description>
            description
    </description>

	<property name="classes" location="../classes" />


	<taskdef resource="com/googlecode/cacheant/tasks.properties" classpath="${classes}" />


	<!-- ================================= 
          target: default              
         ================================= -->
	<target name="default" depends="depends" description="description">
		<cache-compile url="dddd" projectName="ssdsf" />
		<cache-compile url="dddd" package="package" />
		<cache-compile url="dddd" itemList="as,sdf,fgfgdg,erer" />
		<cache-compile url="dddd" classes="as,sdf,fgfgdg,erer" />
		<cache-compile classes="as,sdf,fgfgdg,erer" />
	</target>

	<!-- - - - - - - - - - - - - - - - - - 
          target: depends                      
         - - - - - - - - - - - - - - - - - -->
	<target name="depends">
	</target>

</project>
